

2.3.1 
2.3.1 
2.3.1
 Dành cho người chơi trên 12 tuổi. Chơi quá 180 phút mỗi ngày sẽ hại sức khỏe.
Quay lại

bởi Fu
    
 Online
Ngọc Rồng Bá Vương
Tính Năng Hành Tinh Ngục Tù - Ngọc Rồng Bá Vương
1. Giới thiệu Hành Tinh Ngục Tù.
✧ Hành tinh ngục tù 1 yêu cầu nhiệm vụ Cuộc dạo chơi của Xên.
✧ Hành tinh ngục tù 2 yêu cầu nhiệm vụ Cuộc đối đầu không cân sức.
2. Các kỹ năng không có tác dụng tại Hành Tinh Ngục Tù.
✧  Quả Cầu Kênh Khi,  Makankosappo,  Tự Phát Nổ.

3. Các tính năng tại Hành Tinh Ngục Tù.
✧  Mảnh thiên sứ: trong quá trình luyện tập các chiến binh sẽ ngẫu nhiên nhận được mảnh thiên sứ.
✧  Túi mảnh thiên sứ: trong quá trình luyện tập có thể gặp các Boss Hành Tinh Ngục Tù, hạ gục chúng để có thể nhận được rương mảnh thiên sứ.
✧  Lõi năng lượng Evil KI: mang theo lõi năng lượng Evil KI để chiến đấu với tên Ác Nhân CUMBER.

4. Danh Sách Boss Hành Tinh Ngục Tù.
 Chú ý: các BOSS Hành Tinh Ngục Tù có sức phòng thủ cao.
✧  BOSS Cooler Gold: Sức phòng thủ 50%.
✧  BOSS Fide Gold: Sức phòng thủ 50%.
✧  BOSS Super Broly 2: Sức phòng thủ 40%.
✧  BOSS Super Broly 2: Sức phòng thủ 40%.
✧  BOSS Super Broly 2: Sức phòng thủ 40%.
✧  BOSS Ác Nhân CUMBER: Sức phòng thủ 30%.
✧  BOSS Ác Nhân Super CUMBER: Sức phòng thủ 20%.

ID	BOSS	Vật Phẩm Thường	Vật Phẩm Hiếm	Thời gian hồi sinh
#1	 Cooler Gold	  	   	30 phút
#2	 Fide Gold	  	   	30 phút
#3	 Super Broly 2	  	  	30 phút
#4	 Super Broly 2	  	  	30 phút
#5	 Super Broly 2	  	  	30 phút
#6	 Ác Nhân Cumber	    	
  
  
	4 tiếng
#7	 Ác Nhân Super Cumber	    	





có tỉ lệ xuất hiện
✧ Truyền Thông - Ngọc Rồng Bá Vương ✧
 Rồng Thần Bá Vương - HeroesZ
 Ngọc Rồng Bá Vương - Offcial
 Ngọc Rồng Bá Vương - Offcial

✧ Cộng Đồng - Ngọc Rồng Bá Vương ✧
Groups Facebook: Rồng Thần Bá Vương - Cộng đông
Box Zalo Offcial: Ngọc Rồng Bá Vương - Thông báo chính thức
Box Zalo Member: Ngọc Rồng Bá Vương - Thảo luận, giúp đỡ
Box Zalo Trade: Ngọc Rồng Bá Vương - Mua bán, Trao đổi
Zalo: Rồng Thần Bá Vương
 Rồng Thần Bá Vương
Heroes Z Studio - 2024 - Điều Khoản Sử Dụng